<?xml version="1.0" encoding="UTF-8"?>
<!-- Generated by org.testng.reporters.JUnitReportReporter -->
<testsuite hostname="LP2-AP-52028062" failures="0" tests="5" name="com.tutorialsninja.qa.testcases.Login" time="40.205" errors="0" timestamp="2024-07-19T23:22:10 IST" skipped="0">
  <testcase classname="com.tutorialsninja.qa.testcases.Login" name="verifyLoginWithvalidCrediantials" time="8.022"/>
  <testcase classname="com.tutorialsninja.qa.testcases.Login" name="verifyLoginWithInvalidCredentials" time="8.027"/>
  <testcase classname="com.tutorialsninja.qa.testcases.Login" name="verifyLoginWithInvalidEmailAndValidPassword" time="7.903"/>
  <testcase classname="com.tutorialsninja.qa.testcases.Login" name="verifyLoginWithvalidEmailAndInValidPassword" time="8.351"/>
  <testcase classname="com.tutorialsninja.qa.testcases.Login" name="verifyLoginWithoutProvidingCredials" time="7.902"/>
</testsuite> <!-- com.tutorialsninja.qa.testcases.Login -->
