<?xml version="1.0" encoding="UTF-8"?>
<!-- Generated by org.testng.reporters.JUnitReportReporter -->
<testsuite hostname="LP2-AP-52028062" failures="0" tests="3" name="com.tutorialsninja.qa.testcases.Register" time="28.994" errors="0" timestamp="2024-07-19T23:22:10 IST" skipped="0">
  <testcase classname="com.tutorialsninja.qa.testcases.Register" name="verifyRegisterWithMandtoryFields" time="9.985"/>
  <testcase classname="com.tutorialsninja.qa.testcases.Register" name="verifyingallthefiledsbygivingallthefields" time="9.479"/>
  <testcase classname="com.tutorialsninja.qa.testcases.Register" name="verifyingAccoundWithExisitingEmailAccount" time="9.530"/>
</testsuite> <!-- com.tutorialsninja.qa.testcases.Register -->
