<?xml version="1.0" encoding="UTF-8"?>
<!-- Generated by org.testng.reporters.JUnitReportReporter -->
<testsuite hostname="LP2-AP-52028062" failures="0" tests="3" name="com.tutorialsninja.qa.testcases.Search" time="21.889" errors="0" timestamp="2024-07-19T23:22:10 IST" skipped="0">
  <testcase classname="com.tutorialsninja.qa.testcases.Search" name="verifysearchWithValidProduct" time="7.419"/>
  <testcase classname="com.tutorialsninja.qa.testcases.Search" name="verifySearchWithInvalid" time="7.052"/>
  <testcase classname="com.tutorialsninja.qa.testcases.Search" name="verifySearchWithoutAnyproduct" time="7.418"/>
</testsuite> <!-- com.tutorialsninja.qa.testcases.Search -->
