<?xml version="1.0" encoding="UTF-8"?>
<!-- Generated by org.testng.reporters.JUnitReportReporter -->
<testsuite hostname="LP2-AP-52028062" failures="0" tests="3" name="com.tutorialsninja.qa.testcases.SearchTest" time="23.033" errors="0" timestamp="2024-09-21T22:41:39 IST" skipped="0">
  <testcase classname="com.tutorialsninja.qa.testcases.SearchTest" name="verifysearchWithValidProduct" time="7.193"/>
  <testcase classname="com.tutorialsninja.qa.testcases.SearchTest" name="verifySearchWithInvalid" time="6.627"/>
  <testcase classname="com.tutorialsninja.qa.testcases.SearchTest" name="verifySearchWithoutAnyproduct" time="9.213"/>
</testsuite> <!-- com.tutorialsninja.qa.testcases.SearchTest -->
