<?xml version="1.0" encoding="UTF-8"?>
<!-- Generated by org.testng.reporters.JUnitReportReporter -->
<testsuite hostname="LP2-AP-52028062" failures="0" tests="3" name="com.tutorialsninja.qa.testcases.RegisterTest" time="36.850" errors="0" timestamp="2024-09-21T22:41:39 IST" skipped="0">
  <testcase classname="com.tutorialsninja.qa.testcases.RegisterTest" name="verifyRegisterWithMandtoryFields" time="10.432"/>
  <testcase classname="com.tutorialsninja.qa.testcases.RegisterTest" name="verifyingallthefiledsbygivingallthefields" time="18.473"/>
  <testcase classname="com.tutorialsninja.qa.testcases.RegisterTest" name="verifyingAccoundWithExisitingEmailAccount" time="7.945"/>
</testsuite> <!-- com.tutorialsninja.qa.testcases.RegisterTest -->
